c:\users\fizzy\desktop\projekt\projekt\x64\debug\vc143.pdb
c:\users\fizzy\desktop\projekt\projekt\x64\debug\vc143.idb
c:\users\fizzy\desktop\projekt\projekt\x64\debug\main.obj
c:\users\fizzy\desktop\projekt\projekt\x64\debug\gameobjectmanager.obj
c:\users\fizzy\desktop\projekt\projekt\x64\debug\game.obj
c:\users\fizzy\desktop\projekt\projekt\x64\debug\animation.obj
c:\users\fizzy\desktop\projekt\projekt\x64\debug\engine.obj
c:\users\fizzy\desktop\projekt\projekt\x64\debug\map.obj
c:\users\fizzy\desktop\projekt\projekt\x64\debug\coin.obj
c:\users\fizzy\desktop\projekt\projekt\x64\debug\player.obj
c:\users\fizzy\desktop\projekt\projekt\x64\debug\goomba.obj
c:\users\fizzy\desktop\projekt\x64\debug\projekt.exe
c:\users\fizzy\desktop\projekt\projekt\x64\debug\projekt.ilk
c:\users\fizzy\desktop\projekt\x64\debug\projekt.pdb
c:\users\fizzy\desktop\projekt\projekt\x64\debug\enemies.obj
c:\users\fizzy\desktop\projekt\projekt\x64\debug\projekt.tlog\cl.command.1.tlog
c:\users\fizzy\desktop\projekt\projekt\x64\debug\projekt.tlog\cl.read.1.tlog
c:\users\fizzy\desktop\projekt\projekt\x64\debug\projekt.tlog\cl.write.1.tlog
c:\users\fizzy\desktop\projekt\projekt\x64\debug\projekt.tlog\link.command.1.tlog
c:\users\fizzy\desktop\projekt\projekt\x64\debug\projekt.tlog\link.read.1.tlog
c:\users\fizzy\desktop\projekt\projekt\x64\debug\projekt.tlog\link.write.1.tlog
